<?xml version="1.0" encoding="UTF-8"?>
<testsuite name="com.ibm.cicsdev.springboot.jcics.CicsJavaLibertySpringbootJcicsApplicationTests" tests="1" skipped="0" failures="0" errors="0" timestamp="2020-10-26T11:32:46" hostname="MichaelsIBMMBP2" time="0.135">
  <properties/>
  <testcase name="contextLoads()" classname="com.ibm.cicsdev.springboot.jcics.CicsJavaLibertySpringbootJcicsApplicationTests" time="0.135"/>
  <system-out><![CDATA[11:32:44.077 [Test worker] DEBUG org.springframework.test.context.BootstrapUtils - Instantiating CacheAwareContextLoaderDelegate from class [org.springframework.test.context.cache.DefaultCacheAwareContextLoaderDelegate]
11:32:44.088 [Test worker] DEBUG org.springframework.test.context.BootstrapUtils - Instantiating BootstrapContext using constructor [public org.springframework.test.context.support.DefaultBootstrapContext(java.lang.Class,org.springframework.test.context.CacheAwareContextLoaderDelegate)]
11:32:44.111 [Test worker] DEBUG org.springframework.test.context.BootstrapUtils - Instantiating TestContextBootstrapper for test class [com.ibm.cicsdev.springboot.jcics.CicsJavaLibertySpringbootJcicsApplicationTests] from class [org.springframework.boot.test.context.SpringBootTestContextBootstrapper]
11:32:44.124 [Test worker] INFO org.springframework.boot.test.context.SpringBootTestContextBootstrapper - Neither @ContextConfiguration nor @ContextHierarchy found for test class [com.ibm.cicsdev.springboot.jcics.CicsJavaLibertySpringbootJcicsApplicationTests], using SpringBootContextLoader
11:32:44.127 [Test worker] DEBUG org.springframework.test.context.support.AbstractContextLoader - Did not detect default resource location for test class [com.ibm.cicsdev.springboot.jcics.CicsJavaLibertySpringbootJcicsApplicationTests]: class path resource [com/ibm/cicsdev/springboot/jcics/CicsJavaLibertySpringbootJcicsApplicationTests-context.xml] does not exist
11:32:44.127 [Test worker] DEBUG org.springframework.test.context.support.AbstractContextLoader - Did not detect default resource location for test class [com.ibm.cicsdev.springboot.jcics.CicsJavaLibertySpringbootJcicsApplicationTests]: class path resource [com/ibm/cicsdev/springboot/jcics/CicsJavaLibertySpringbootJcicsApplicationTestsContext.groovy] does not exist
11:32:44.128 [Test worker] INFO org.springframework.test.context.support.AbstractContextLoader - Could not detect default resource locations for test class [com.ibm.cicsdev.springboot.jcics.CicsJavaLibertySpringbootJcicsApplicationTests]: no resource found for suffixes {-context.xml, Context.groovy}.
11:32:44.128 [Test worker] INFO org.springframework.test.context.support.AnnotationConfigContextLoaderUtils - Could not detect default configuration classes for test class [com.ibm.cicsdev.springboot.jcics.CicsJavaLibertySpringbootJcicsApplicationTests]: CicsJavaLibertySpringbootJcicsApplicationTests does not declare any static, non-private, non-final, nested classes annotated with @Configuration.
11:32:44.159 [Test worker] DEBUG org.springframework.test.context.support.ActiveProfilesUtils - Could not find an 'annotation declaring class' for annotation type [org.springframework.test.context.ActiveProfiles] and class [com.ibm.cicsdev.springboot.jcics.CicsJavaLibertySpringbootJcicsApplicationTests]
11:32:44.209 [Test worker] DEBUG org.springframework.context.annotation.ClassPathScanningCandidateComponentProvider - Identified candidate component class: file [/Users/michael/GitHub/mwesterby/springboot-java-apps-for-cics/tutorial-3/build/classes/java/main/com/ibm/cicsdev/springboot/jcics/CicsJavaLibertySpringbootJcicsApplication.class]
11:32:44.219 [Test worker] INFO org.springframework.boot.test.context.SpringBootTestContextBootstrapper - Found @SpringBootConfiguration com.ibm.cicsdev.springboot.jcics.CicsJavaLibertySpringbootJcicsApplication for test class com.ibm.cicsdev.springboot.jcics.CicsJavaLibertySpringbootJcicsApplicationTests
11:32:44.295 [Test worker] DEBUG org.springframework.boot.test.context.SpringBootTestContextBootstrapper - @TestExecutionListeners is not present for class [com.ibm.cicsdev.springboot.jcics.CicsJavaLibertySpringbootJcicsApplicationTests]: using defaults.
11:32:44.295 [Test worker] INFO org.springframework.boot.test.context.SpringBootTestContextBootstrapper - Loaded default TestExecutionListener class names from location [META-INF/spring.factories]: [org.springframework.boot.test.autoconfigure.restdocs.RestDocsTestExecutionListener, org.springframework.boot.test.autoconfigure.web.client.MockRestServiceServerResetTestExecutionListener, org.springframework.boot.test.autoconfigure.web.servlet.MockMvcPrintOnlyOnFailureTestExecutionListener, org.springframework.boot.test.autoconfigure.web.servlet.WebDriverTestExecutionListener, org.springframework.boot.test.autoconfigure.webservices.client.MockWebServiceServerTestExecutionListener, org.springframework.boot.test.mock.mockito.MockitoTestExecutionListener, org.springframework.boot.test.mock.mockito.ResetMocksTestExecutionListener, org.springframework.test.context.web.ServletTestExecutionListener, org.springframework.test.context.support.DirtiesContextBeforeModesTestExecutionListener, org.springframework.test.context.support.DependencyInjectionTestExecutionListener, org.springframework.test.context.support.DirtiesContextTestExecutionListener, org.springframework.test.context.transaction.TransactionalTestExecutionListener, org.springframework.test.context.jdbc.SqlScriptsTestExecutionListener, org.springframework.test.context.event.EventPublishingTestExecutionListener]
11:32:44.303 [Test worker] DEBUG org.springframework.boot.test.context.SpringBootTestContextBootstrapper - Skipping candidate TestExecutionListener [org.springframework.test.context.transaction.TransactionalTestExecutionListener] due to a missing dependency. Specify custom listener classes or make the default listener classes and their required dependencies available. Offending class: [org/springframework/transaction/TransactionDefinition]
11:32:44.304 [Test worker] DEBUG org.springframework.boot.test.context.SpringBootTestContextBootstrapper - Skipping candidate TestExecutionListener [org.springframework.test.context.jdbc.SqlScriptsTestExecutionListener] due to a missing dependency. Specify custom listener classes or make the default listener classes and their required dependencies available. Offending class: [org/springframework/transaction/interceptor/TransactionAttribute]
11:32:44.304 [Test worker] INFO org.springframework.boot.test.context.SpringBootTestContextBootstrapper - Using TestExecutionListeners: [org.springframework.test.context.web.ServletTestExecutionListener@3c4d6a0b, org.springframework.test.context.support.DirtiesContextBeforeModesTestExecutionListener@23314b89, org.springframework.boot.test.mock.mockito.MockitoTestExecutionListener@3591de8c, org.springframework.boot.test.autoconfigure.SpringBootDependencyInjectionTestExecutionListener@2bd777dc, org.springframework.test.context.support.DirtiesContextTestExecutionListener@7c9d5d9f, org.springframework.test.context.event.EventPublishingTestExecutionListener@55d93c86, org.springframework.boot.test.autoconfigure.restdocs.RestDocsTestExecutionListener@6e87ed0f, org.springframework.boot.test.autoconfigure.web.client.MockRestServiceServerResetTestExecutionListener@7e7e1e94, org.springframework.boot.test.autoconfigure.web.servlet.MockMvcPrintOnlyOnFailureTestExecutionListener@6899d561, org.springframework.boot.test.autoconfigure.web.servlet.WebDriverTestExecutionListener@7438e9f8, org.springframework.boot.test.autoconfigure.webservices.client.MockWebServiceServerTestExecutionListener@25868de5, org.springframework.boot.test.mock.mockito.ResetMocksTestExecutionListener@2b02ad7f]
11:32:44.308 [Test worker] DEBUG org.springframework.test.context.support.AbstractDirtiesContextTestExecutionListener - Before test class: context [DefaultTestContext@68412fe9 testClass = CicsJavaLibertySpringbootJcicsApplicationTests, testInstance = [null], testMethod = [null], testException = [null], mergedContextConfiguration = [WebMergedContextConfiguration@53378dd8 testClass = CicsJavaLibertySpringbootJcicsApplicationTests, locations = '{}', classes = '{class com.ibm.cicsdev.springboot.jcics.CicsJavaLibertySpringbootJcicsApplication}', contextInitializerClasses = '[]', activeProfiles = '{}', propertySourceLocations = '{}', propertySourceProperties = '{org.springframework.boot.test.context.SpringBootTestContextBootstrapper=true}', contextCustomizers = set[org.springframework.boot.test.autoconfigure.properties.PropertyMappingContextCustomizer@0, org.springframework.boot.test.autoconfigure.web.servlet.WebDriverContextCustomizerFactory$Customizer@5540a46d, org.springframework.boot.test.context.filter.ExcludeFilterContextCustomizer@2e23104, org.springframework.boot.test.json.DuplicateJsonObjectContextCustomizerFactory$DuplicateJsonObjectContextCustomizer@457116ce, org.springframework.boot.test.mock.mockito.MockitoContextCustomizer@0, org.springframework.boot.test.web.client.TestRestTemplateContextCustomizer@297ed75f, org.springframework.boot.test.context.SpringBootTestArgs@1], resourceBasePath = 'src/main/webapp', contextLoader = 'org.springframework.boot.test.context.SpringBootContextLoader', parent = [null]], attributes = map['org.springframework.test.context.web.ServletTestExecutionListener.activateListener' -> true]], class annotated with @DirtiesContext [false] with mode [null].
11:32:44.330 [Test worker] DEBUG org.springframework.test.context.support.TestPropertySourceUtils - Adding inlined properties to environment: {spring.jmx.enabled=false, org.springframework.boot.test.context.SpringBootTestContextBootstrapper=true}

  .   ____          _            __ _ _
 /\\ / ___'_ __ _ _(_)_ __  __ _ \ \ \ \
( ( )\___ | '_ | '_| | '_ \/ _` | \ \ \ \
 \\/  ___)| |_)| | | | | || (_| |  ) ) ) )
  '  |____| .__|_| |_|_| |_\__, | / / / /
 =========|_|==============|___/=/_/_/_/
 :: Spring Boot ::        (v2.3.0.RELEASE)

2020-10-26 11:32:45.713  INFO 4736 --- [    Test worker] vaLibertySpringbootJcicsApplicationTests : Starting CicsJavaLibertySpringbootJcicsApplicationTests on MichaelsIBMMBP2 with PID 4736 (started by michael in /Users/michael/GitHub/mwesterby/springboot-java-apps-for-cics/tutorial-3)
2020-10-26 11:32:45.715  INFO 4736 --- [    Test worker] vaLibertySpringbootJcicsApplicationTests : No active profile set, falling back to default profiles: default
2020-10-26 11:32:46.451  INFO 4736 --- [    Test worker] o.s.s.concurrent.ThreadPoolTaskExecutor  : Initializing ExecutorService 'applicationTaskExecutor'
2020-10-26 11:32:46.647  INFO 4736 --- [    Test worker] vaLibertySpringbootJcicsApplicationTests : Started CicsJavaLibertySpringbootJcicsApplicationTests in 2.309 seconds (JVM running for 3.143)
]]></system-out>
  <system-err><![CDATA[]]></system-err>
</testsuite>
